<?xml version="1.0" encoding="UTF-8"?>
<testng-results ignored="0" total="1" passed="1" failed="0" skipped="0">
  <reporter-output>
  </reporter-output>
  <suite started-at="2022-04-19T16:18:13 IST" name="Default suite" finished-at="2022-04-19T16:18:14 IST" duration-ms="989">
    <groups>
    </groups>
    <test started-at="2022-04-19T16:18:13 IST" name="Default test" finished-at="2022-04-19T16:18:14 IST" duration-ms="989">
      <class name="JDBC.practice.ExecuteUpdateTest">
        <test-method signature="executeUpdateTest()[pri:0, instance:JDBC.practice.ExecuteUpdateTest@2f112965]" started-at="2022-04-19T16:18:13 IST" name="executeUpdateTest" finished-at="2022-04-19T16:18:14 IST" duration-ms="885" status="PASS">
          <reporter-output>
          </reporter-output>
        </test-method> <!-- executeUpdateTest -->
      </class> <!-- JDBC.practice.ExecuteUpdateTest -->
    </test> <!-- Default test -->
  </suite> <!-- Default suite -->
</testng-results>
